[07:43:35 PM] GET /jersapp - Status: 500 - Time: 2389ms
[07:43:35 PM] GET /jersapp/_next/static/chunks/fallback/webpack.js - Status: 200 - Time: 5ms
[07:43:35 PM] GET /jersapp/_next/static/chunks/fallback/pages/_app.js - Status: 200 - Time: 5ms
[07:43:35 PM] GET /jersapp/_next/static/chunks/fallback/pages/_error.js - Status: 200 - Time: 3ms
[07:43:35 PM] GET /jersapp/_next/static/chunks/fallback/react-refresh.js - Status: 200 - Time: 6ms
[07:43:37 PM] GET /jersapp/_next/static/chunks/fallback/main.js - Status: 200 - Time: 100ms
[07:43:37 PM] GET /jersapp/_next/static/development/_devMiddlewareManifest.json - Status: 200 - Time: 0ms
[07:44:04 PM] GET /jersapp/api/status/get?userID=undefined - Status: 304 - Time: 14ms
[07:44:05 PM] GET /jersapp/api/chats?user_id=6a1bea7c5bdae292be239f1e - Status: 200 - Time: 14ms
[07:44:19 PM] POST /jersapp/api/addAndGetAllContacts?userID=6a1bea7c5bdae292be239f1e - Status: 200 - Time: 19ms
[07:44:19 PM] GET /jersapp/__nextjs_original-stack-frame?isServer=true&isEdgeServer=false&isAppDirectory=false&errorMessage=Error%3A+Syntax+error%3A+D%3A%5CJerin%5CProjects%5CJersApp%5Cweb%5Csrc%5Capp%5Cglobals.css+The+%60bg-background%60+class+does+not+exist.+If+%60bg-background%60+is+a+custom+class%2C+make+sure+it+is+defined+within+a+%60%40layer%60+directive.%0A%0A++1+%7C+%40import+url%28%27https%3A%2F%2Ffonts.googleapis.com%2Fcss2%3Ffamily%3DInter%3Awght%40400%3B500%3B600%3B700%3B800%26display%3Dswap%27%29%3B%0A++2+%7C+%0A%3E+3+%7C+%40tailwind+base%3B%0A++++%7C+%5E%0A++4+%7C+%40tailwind+components%3B%0A++5+%7C+%40tailwind+utilities%3B%0A&file=file%3A%2F%2FD%3A%5CJerin%5CProjects%5CJersApp%5Cserver%5Cnode_modules%5Cnext%5Cdist%5Cbuild%5Cwebpack%5Cplugins%5Cwellknown-errors-plugin%5CwebpackModuleError.js&methodName=getModuleBuildError&arguments=&lineNumber=116&column=43 - Status: 200 - Time: 13ms
[07:44:19 PM] GET /jersapp/__nextjs_original-stack-frame?isServer=true&isEdgeServer=false&isAppDirectory=false&errorMessage=Error%3A+Syntax+error%3A+D%3A%5CJerin%5CProjects%5CJersApp%5Cweb%5Csrc%5Capp%5Cglobals.css+The+%60bg-background%60+class+does+not+exist.+If+%60bg-background%60+is+a+custom+class%2C+make+sure+it+is+defined+within+a+%60%40layer%60+directive.%0A%0A++1+%7C+%40import+url%28%27https%3A%2F%2Ffonts.googleapis.com%2Fcss2%3Ffamily%3DInter%3Awght%40400%3B500%3B600%3B700%3B800%26display%3Dswap%27%29%3B%0A++2+%7C+%0A%3E+3+%7C+%40tailwind+base%3B%0A++++%7C+%5E%0A++4+%7C+%40tailwind+components%3B%0A++5+%7C+%40tailwind+utilities%3B%0A&file=file%3A%2F%2FD%3A%5CJerin%5CProjects%5CJersApp%5Cserver%5Cnode_modules%5Cnext%5Cdist%5Cbuild%5Cwebpack%5Cplugins%5Cwellknown-errors-plugin%5Cindex.js&methodName=async&arguments=&lineNumber=27&column=21 - Status: 200 - Time: 15ms
[07:44:19 PM] GET /jersapp/__nextjs_original-stack-frame?isServer=true&isEdgeServer=false&isAppDirectory=false&errorMessage=Error%3A+Syntax+error%3A+D%3A%5CJerin%5CProjects%5CJersApp%5Cweb%5Csrc%5Capp%5Cglobals.css+The+%60bg-background%60+class+does+not+exist.+If+%60bg-background%60+is+a+custom+class%2C+make+sure+it+is+defined+within+a+%60%40layer%60+directive.%0A%0A++1+%7C+%40import+url%28%27https%3A%2F%2Ffonts.googleapis.com%2Fcss2%3Ffamily%3DInter%3Awght%40400%3B500%3B600%3B700%3B800%26display%3Dswap%27%29%3B%0A++2+%7C+%0A%3E+3+%7C+%40tailwind+base%3B%0A++++%7C+%5E%0A++4+%7C+%40tailwind+components%3B%0A++5+%7C+%40tailwind+utilities%3B%0A&file=file%3A%2F%2FD%3A%5CJerin%5CProjects%5CJersApp%5Cserver%5Cnode_modules%5Cnext%5Cdist%5Cbuild%5Cwebpack%5Cplugins%5Cwellknown-errors-plugin%5Cindex.js&methodName=async&arguments=&lineNumber=29&column=49 - Status: 200 - Time: 14ms
[07:44:19 PM] GET /jersapp/__nextjs_original-stack-frame?isServer=true&isEdgeServer=false&isAppDirectory=false&errorMessage=Error%3A+Syntax+error%3A+D%3A%5CJerin%5CProjects%5CJersApp%5Cweb%5Csrc%5Capp%5Cglobals.css+The+%60bg-background%60+class+does+not+exist.+If+%60bg-background%60+is+a+custom+class%2C+make+sure+it+is+defined+within+a+%60%40layer%60+directive.%0A%0A++1+%7C+%40import+url%28%27https%3A%2F%2Ffonts.googleapis.com%2Fcss2%3Ffamily%3DInter%3Awght%40400%3B500%3B600%3B700%3B800%26display%3Dswap%27%29%3B%0A++2+%7C+%0A%3E+3+%7C+%40tailwind+base%3B%0A++++%7C+%5E%0A++4+%7C+%40tailwind+components%3B%0A++5+%7C+%40tailwind+utilities%3B%0A&file=file%3A%2F%2FD%3A%5CJerin%5CProjects%5CJersApp%5Cserver%5Cnode_modules%5Cnext%5Cdist%5Cbuild%5Cwebpack%5Cplugins%5Cwellknown-errors-plugin%5CparseCss.js&methodName=getCssError&arguments=&lineNumber=24&column=16 - Status: 200 - Time: 16ms
[07:44:19 PM] GET /jersapp/_next/static/webpack/df7fe904ccb6ddc9.webpack.hot-update.json - Status: 404 - Time: 543ms
[07:44:19 PM] GET /jersapp - Status: 200 - Time: 82ms
[07:44:19 PM] GET /jersapp/_next/static/css/app/layout.css?v=1780323259443 - Status: 200 - Time: 4ms
[07:44:19 PM] GET /jersapp/_next/static/chunks/webpack.js?v=1780323259443 - Status: 200 - Time: 4ms
[07:44:19 PM] GET /jersapp/_next/static/chunks/app-pages-internals.js - Status: 200 - Time: 7ms
[07:44:19 PM] GET /jersapp/_next/static/chunks/app/layout.js - Status: 200 - Time: 58ms
[07:44:19 PM] GET /jersapp/_next/static/chunks/app/page.js - Status: 200 - Time: 60ms
[07:44:19 PM] GET /jersapp/_next/static/chunks/main-app.js?v=1780323259443 - Status: 200 - Time: 137ms
[07:44:19 PM] GET /jersapp/Projects/getapk?userID=66276a73361a148fef6608c2&projectID=66927272e38e6ffa8d666702 - Status: 404 - Time: 51ms
[07:44:20 PM] GET /jersapp/favicon.ico - Status: 200 - Time: 582ms
[07:44:27 PM] GET /jersapp - Status: 200 - Time: 134ms
[07:44:27 PM] GET /jersapp/_next/static/css/app/layout.css?v=1780323267761 - Status: 200 - Time: 5ms
[07:44:27 PM] GET /jersapp/_next/static/chunks/webpack.js?v=1780323267761 - Status: 200 - Time: 8ms
[07:44:27 PM] GET /jersapp/_next/static/chunks/app-pages-internals.js - Status: 200 - Time: 11ms
[07:44:27 PM] GET /jersapp/_next/static/chunks/app/layout.js - Status: 200 - Time: 66ms
[07:44:28 PM] GET /jersapp/_next/static/chunks/app/page.js - Status: 200 - Time: 75ms
[07:44:28 PM] GET /jersapp/_next/static/chunks/main-app.js?v=1780323267761 - Status: 200 - Time: 165ms
[07:44:28 PM] GET /jersapp/Projects/getapk?userID=66276a73361a148fef6608c2&projectID=66927272e38e6ffa8d666702 - Status: 404 - Time: 37ms
[07:44:28 PM] GET /jersapp/favicon.ico - Status: 200 - Time: 19ms
[07:45:53 PM] GET /jersapp/api/auth/get/6a1bea7c5bdae292be239f1e - Status: 200 - Time: 14ms
[07:45:54 PM] POST /jersapp/api/auth/logout - Status: 200 - Time: 0ms
[07:46:17 PM] POST /jersapp/api/auth/login - Status: 200 - Time: 66ms
[07:46:24 PM] POST /jersapp/api/auth/login - Status: 200 - Time: 61ms
[07:47:03 PM] POST /jersapp/api/auth/login - Status: 200 - Time: 2ms
[07:47:10 PM] POST /jersapp/api/auth/register - Status: 201 - Time: 70ms
[07:47:10 PM] POST /jersapp/api/auth/login - Status: 200 - Time: 64ms
[07:47:10 PM] POST /jersapp/api/auth/token - Status: 200 - Time: 1ms
[07:47:11 PM] GET /jersapp/api/chats?user_id=6a1d94663f2c12c6b94e1fd4 - Status: 200 - Time: 20ms
[07:47:11 PM] GET /jersapp/api/auth/get/6a1d94663f2c12c6b94e1fd4 - Status: 200 - Time: 3ms
[07:47:15 PM] POST /jersapp/api/addAndGetAllContacts?userID=6a1d94663f2c12c6b94e1fd4 - Status: 200 - Time: 17ms
[07:47:19 PM] GET /jersapp/api/chats?user_id=6a1d94663f2c12c6b94e1fd4 - Status: 304 - Time: 16ms
[07:47:27 PM] GET /jersapp - Status: 200 - Time: 47ms
[07:47:27 PM] GET /jersapp/_next/static/css/app/layout.css?v=1780323447746 - Status: 200 - Time: 2ms
[07:47:27 PM] GET /jersapp/_next/static/chunks/webpack.js?v=1780323447746 - Status: 200 - Time: 2ms
[07:47:27 PM] GET /jersapp/_next/static/chunks/app-pages-internals.js - Status: 200 - Time: 6ms
[07:47:27 PM] GET /jersapp/_next/static/chunks/app/page.js - Status: 200 - Time: 64ms
[07:47:27 PM] GET /jersapp/_next/static/chunks/app/layout.js - Status: 200 - Time: 66ms
[07:47:28 PM] GET /jersapp/_next/static/chunks/main-app.js?v=1780323447746 - Status: 200 - Time: 149ms
[07:47:28 PM] GET /jersapp/Projects/getapk?userID=66276a73361a148fef6608c2&projectID=66927272e38e6ffa8d666702 - Status: 404 - Time: 42ms
[07:47:28 PM] GET /jersapp/favicon.ico - Status: 200 - Time: 27ms
[07:47:42 PM] GET /jersapp/_next/static/css/app/layout.css?v=1780323447746 - Status: 404 - Time: 44ms
[07:47:51 PM] GET /jersapp - Status: 200 - Time: 37ms
[07:47:51 PM] GET /jersapp/_next/static/chunks/webpack.js?v=1780323471721 - Status: 404 - Time: 57ms
[07:47:51 PM] GET /jersapp/_next/static/chunks/app/layout.js - Status: 404 - Time: 58ms
[07:47:51 PM] GET /jersapp/_next/static/chunks/main-app.js?v=1780323471721 - Status: 404 - Time: 59ms
[07:47:51 PM] GET /jersapp/_next/static/chunks/app/page.js - Status: 404 - Time: 59ms
[07:47:51 PM] GET /jersapp/_next/static/chunks/app-pages-internals.js - Status: 404 - Time: 61ms
[07:47:53 PM] GET /jersapp/_next/static/css/app/layout.css?v=1780323471721 - Status: 404 - Time: 80ms
[07:47:53 PM] GET /jersapp/favicon.ico - Status: 200 - Time: 9ms
[07:48:05 PM] GET /jersapp - Status: 200 - Time: 38ms
[07:48:05 PM] GET /jersapp/_next/static/css/app/layout.css?v=1780323484999 - Status: 404 - Time: 39ms
[07:48:05 PM] GET /jersapp/_next/static/chunks/app/page.js - Status: 404 - Time: 37ms
[07:48:05 PM] GET /jersapp/_next/static/chunks/app-pages-internals.js - Status: 404 - Time: 37ms
[07:48:05 PM] GET /jersapp/_next/static/chunks/main-app.js?v=1780323484999 - Status: 404 - Time: 37ms
[07:48:05 PM] GET /jersapp/_next/static/chunks/app/layout.js - Status: 404 - Time: 38ms
[07:48:07 PM] GET /jersapp/_next/static/chunks/webpack.js?v=1780323484999 - Status: 404 - Time: 33ms
[07:48:07 PM] GET /jersapp/favicon.ico - Status: 200 - Time: 6ms
[07:48:28 PM] GET /jersapp - Status: 200 - Time: 1198ms
[07:48:28 PM] GET /jersapp/_next/static/css/app/layout.css?v=1780323508784 - Status: 200 - Time: 14ms
[07:48:28 PM] GET /jersapp/_next/static/chunks/webpack.js?v=1780323508784 - Status: 200 - Time: 12ms
[07:48:28 PM] GET /jersapp/_next/static/chunks/app-pages-internals.js - Status: 200 - Time: 11ms
[07:48:28 PM] GET /jersapp/_next/static/chunks/app/layout.js - Status: 200 - Time: 67ms
[07:48:28 PM] GET /jersapp/_next/static/chunks/app/page.js - Status: 200 - Time: 71ms
[07:48:29 PM] GET /jersapp/_next/static/chunks/main-app.js?v=1780323508784 - Status: 200 - Time: 172ms
[07:48:29 PM] GET /jersapp/_next/static/webpack/599f6afb92fd3931.webpack.hot-update.json - Status: 200 - Time: 2ms
[07:48:29 PM] GET /jersapp/_next/static/webpack/webpack.599f6afb92fd3931.hot-update.js - Status: 200 - Time: 1ms
[07:48:30 PM] GET /jersapp/favicon.ico - Status: 200 - Time: 658ms
[07:48:30 PM] GET /jersapp/Projects/getapk?userID=66276a73361a148fef6608c2&projectID=66927272e38e6ffa8d666702 - Status: 404 - Time: 671ms
[07:51:05 PM] GET /jersapp/_next/static/webpack/793f48638686f3b0.webpack.hot-update.json - Status: 200 - Time: 6ms
[07:51:05 PM] GET /jersapp/_next/static/webpack/webpack.793f48638686f3b0.hot-update.js - Status: 200 - Time: 10ms
[07:51:05 PM] GET /jersapp?_rsc=1p60s - Status: 200 - Time: 63ms
[07:51:05 PM] GET /jersapp/_next/static/css/app/layout.css?v=1780323665584 - Status: 200 - Time: 2ms
[07:51:07 PM] GET /jersapp/_next/static/webpack/app/page.793f48638686f3b0.hot-update.js - Status: 200 - Time: 1ms
[07:53:08 PM] GET /jersapp - Status: 200 - Time: 4093ms
[07:53:08 PM] GET /jersapp/Loading_icon.gif - Status: 200 - Time: 15ms
[07:53:08 PM] GET /jersapp/_next/static/css/app/layout.css?v=1780323788377 - Status: 200 - Time: 13ms
[07:53:08 PM] GET /jersapp/_next/static/chunks/webpack.js?v=1780323788377 - Status: 200 - Time: 11ms
[07:53:08 PM] GET /jersapp/_next/static/chunks/app-pages-internals.js - Status: 200 - Time: 30ms
[07:53:08 PM] GET /jersapp/_next/static/chunks/app/layout.js - Status: 200 - Time: 124ms
[07:53:08 PM] GET /jersapp/_next/static/chunks/app/page.js - Status: 200 - Time: 130ms
[07:53:08 PM] GET /jersapp/_next/static/chunks/main-app.js?v=1780323788377 - Status: 200 - Time: 254ms
[07:53:09 PM] GET /jersapp/_next/static/webpack/3b81fad5de8a3c3b.webpack.hot-update.json - Status: 200 - Time: 4ms
[07:53:09 PM] GET /jersapp/_next/static/webpack/webpack.3b81fad5de8a3c3b.hot-update.js - Status: 200 - Time: 5ms
[07:53:10 PM] GET /jersapp/favicon.ico - Status: 200 - Time: 1207ms
[07:53:10 PM] GET /jersapp/Projects/getapk?userID=66276a73361a148fef6608c2&projectID=66927272e38e6ffa8d666702 - Status: 404 - Time: 1230ms
[07:57:07 PM] GET /jersapp - Status: 200 - Time: 4047ms
[07:57:07 PM] GET /jersapp/Loading_icon.gif - Status: 304 - Time: 4ms
[07:57:07 PM] GET /jersapp/_next/static/chunks/webpack.js?v=1780324027171 - Status: 200 - Time: 12ms
[07:57:07 PM] GET /jersapp/_next/static/chunks/app-pages-internals.js - Status: 200 - Time: 14ms
[07:57:07 PM] GET /jersapp/_next/static/chunks/app/layout.js - Status: 200 - Time: 100ms
[07:57:07 PM] GET /jersapp/_next/static/chunks/app/page.js - Status: 200 - Time: 107ms
[07:57:07 PM] GET /jersapp/_next/static/chunks/main-app.js?v=1780324027171 - Status: 200 - Time: 212ms
[07:57:09 PM] GET /jersapp/_next/static/css/app/layout.css?v=1780324027171 - Status: 200 - Time: 2ms
[07:57:09 PM] GET /jersapp/_next/static/webpack/11ac825139875178.webpack.hot-update.json - Status: 200 - Time: 6ms
[07:57:09 PM] GET /jersapp/_next/static/webpack/webpack.11ac825139875178.hot-update.js - Status: 200 - Time: 19ms
[07:57:10 PM] GET /jersapp/favicon.ico - Status: 200 - Time: 492ms
[07:57:10 PM] GET /jersapp/Projects/getapk?userID=66276a73361a148fef6608c2&projectID=66927272e38e6ffa8d666702 - Status: 404 - Time: 580ms
[07:59:08 PM] GET /jersapp - Status: 200 - Time: 64ms
[07:59:08 PM] GET /jersapp/Loading_icon.gif - Status: 200 - Time: 4ms
[07:59:08 PM] GET /jersapp/_next/static/chunks/webpack.js?v=1780324148145 - Status: 200 - Time: 2ms
[07:59:08 PM] GET /jersapp/_next/static/chunks/app-pages-internals.js - Status: 200 - Time: 5ms
[07:59:08 PM] GET /jersapp/_next/static/chunks/app/layout.js - Status: 200 - Time: 62ms
[07:59:08 PM] GET /jersapp/_next/static/chunks/app/page.js - Status: 200 - Time: 65ms
[07:59:08 PM] GET /jersapp/_next/static/chunks/main-app.js?v=1780324148145 - Status: 200 - Time: 134ms
[07:59:10 PM] GET /jersapp/_next/static/css/app/layout.css?v=1780324148145 - Status: 200 - Time: 5ms
[07:59:10 PM] GET /jersapp/favicon.ico - Status: 200 - Time: 21ms
[07:59:10 PM] GET /jersapp/Projects/getapk?userID=66276a73361a148fef6608c2&projectID=66927272e38e6ffa8d666702 - Status: 404 - Time: 36ms
[08:01:30 PM] GET /jersapp/Projects/getapk?userID=66276a73361a148fef6608c2&projectID=66927272e38e6ffa8d666702 - Status: 404 - Time: 2837ms
[08:01:40 PM] GET /jersapp - Status: 200 - Time: 515ms
[08:01:40 PM] GET /jersapp/_next/static/css/app/layout.css?v=1780324300115 - Status: 200 - Time: 4ms
[08:01:40 PM] GET /jersapp/_next/static/chunks/webpack.js?v=1780324300115 - Status: 200 - Time: 7ms
[08:01:40 PM] GET /jersapp/_next/static/chunks/app-pages-internals.js - Status: 200 - Time: 7ms
[08:01:40 PM] GET /jersapp/_next/static/chunks/app/layout.js - Status: 200 - Time: 64ms
[08:01:40 PM] GET /jersapp/_next/static/chunks/app/page.js - Status: 200 - Time: 71ms
[08:01:40 PM] GET /jersapp/_next/static/chunks/main-app.js?v=1780324300115 - Status: 200 - Time: 147ms
[08:01:40 PM] GET /jersapp/Projects/getapk?userID=66276a73361a148fef6608c2&projectID=66927272e38e6ffa8d666702 - Status: 404 - Time: 64ms
[08:01:41 PM] GET /jersapp/favicon.ico - Status: 200 - Time: 223ms
[08:01:42 PM] GET /jersapp/Loading_icon.gif - Status: 304 - Time: 2ms
[08:08:43 PM] POST /jersapp/api/auth/login - Status: 200 - Time: 67ms
[08:08:43 PM] POST /jersapp/api/auth/token - Status: 200 - Time: 1ms
[08:08:43 PM] GET /jersapp/api/auth/get/6a1d9057f870e0572181b81d - Status: 200 - Time: 9ms
[08:08:45 PM] GET /jersapp/api/chats?user_id=6a1d9057f870e0572181b81d - Status: 200 - Time: 17ms
[08:09:43 PM] POST /jersapp/api/addAndGetAllContacts?userID=6a1d9057f870e0572181b81d - Status: 200 - Time: 35ms
[08:12:12 PM] GET /jersapp/api/chats?user_id=6a1d94663f2c12c6b94e1fd4 - Status: 304 - Time: 16ms
[08:12:12 PM] GET /jersapp/api/auth/get/6a1d94663f2c12c6b94e1fd4 - Status: 200 - Time: 7ms
[08:14:53 PM] GET /jersapp/api/status/get?userID=undefined - Status: 304 - Time: 2ms
[08:14:55 PM] GET /jersapp/api/group/getGroups?userID=6a1d94663f2c12c6b94e1fd4 - Status: 200 - Time: 4ms
[08:14:58 PM] GET /jersapp/api/status/get?userID=undefined - Status: 304 - Time: 2ms
[08:15:08 PM] GET /jersapp/api/status/get?userID=undefined - Status: 304 - Time: 1ms
[08:15:10 PM] GET /jersapp/api/group/getGroups?userID=6a1d94663f2c12c6b94e1fd4 - Status: 304 - Time: 3ms
[08:15:11 PM] GET /jersapp/api/auth/getUsers - Status: 200 - Time: 4ms
[08:15:14 PM] POST /jersapp/api/auth/getByIds - Status: 500 - Time: 6ms
[08:15:14 PM] POST /jersapp/api/auth/getByIds - Status: 500 - Time: 4ms
[08:15:14 PM] POST /jersapp/api/auth/getByIds - Status: 500 - Time: 4ms
[08:15:15 PM] POST /jersapp/api/auth/getByIds - Status: 500 - Time: 4ms
[08:15:15 PM] POST /jersapp/api/auth/getByIds - Status: 500 - Time: 5ms
[08:15:15 PM] POST /jersapp/api/auth/getByIds - Status: 500 - Time: 6ms
[08:15:15 PM] POST /jersapp/api/auth/getByIds - Status: 500 - Time: 3ms
[08:15:16 PM] POST /jersapp/api/auth/getByIds - Status: 500 - Time: 3ms
[08:15:49 PM] GET /jersapp/api/group/getGroups?userID=6a1d94663f2c12c6b94e1fd4 - Status: 304 - Time: 3ms
[08:18:53 PM] GET /jersapp/api/group/getGroups?userID=6a1d94663f2c12c6b94e1fd4 - Status: 304 - Time: 4ms
[08:18:55 PM] GET /jersapp/api/group/getGroups?userID=6a1d94663f2c12c6b94e1fd4 - Status: 304 - Time: 4ms
[08:23:54 PM] GET /jersapp/api/auth/get/6a1d94663f2c12c6b94e1fd4 - Status: 304 - Time: 3ms
[08:23:54 PM] GET /jersapp/api/chats?user_id=6a1d94663f2c12c6b94e1fd4 - Status: 304 - Time: 8ms
[08:24:28 PM] GET /jersapp/api/status/get?userID=undefined - Status: 304 - Time: 3ms
[08:25:05 PM] GET /jersapp/api/chats?user_id=6a1d94663f2c12c6b94e1fd4 - Status: 304 - Time: 10ms
[08:25:05 PM] GET /jersapp/api/chats?user_id=6a1d94663f2c12c6b94e1fd4 - Status: 304 - Time: 10ms
[08:25:05 PM] GET /jersapp/api/auth/get/6a1d94663f2c12c6b94e1fd4 - Status: 304 - Time: 2ms
[08:25:22 PM] GET /jersapp/api/status/get?userID=undefined - Status: 304 - Time: 1ms
[08:25:25 PM] GET /jersapp/api/group/getGroups?userID=6a1d94663f2c12c6b94e1fd4 - Status: 304 - Time: 5ms
[08:25:30 PM] POST /jersapp/api/addAndGetAllContacts?userID=6a1d94663f2c12c6b94e1fd4 - Status: 200 - Time: 8ms
[08:25:32 PM] GET /jersapp/api/group/getGroups?userID=6a1d94663f2c12c6b94e1fd4 - Status: 304 - Time: 6ms
[08:25:34 PM] GET /jersapp/api/auth/getUsers - Status: 304 - Time: 4ms
[08:25:36 PM] POST /jersapp/api/auth/getByIds - Status: 500 - Time: 4ms
[08:25:36 PM] POST /jersapp/api/auth/getByIds - Status: 500 - Time: 3ms
[08:25:36 PM] POST /jersapp/api/auth/getByIds - Status: 500 - Time: 9ms
[08:25:36 PM] POST /jersapp/api/auth/getByIds - Status: 500 - Time: 6ms
[08:25:36 PM] POST /jersapp/api/auth/getByIds - Status: 500 - Time: 6ms
[08:26:54 PM] POST /jersapp/api/auth/getByIds - Status: 200 - Time: 3ms
[08:26:54 PM] POST /jersapp/api/auth/getByIds - Status: 200 - Time: 3ms
[08:26:54 PM] POST /jersapp/api/auth/getByIds - Status: 200 - Time: 5ms
[08:26:54 PM] POST /jersapp/api/auth/getByIds - Status: 200 - Time: 3ms
[08:26:56 PM] POST /jersapp/api/auth/getByIds - Status: 200 - Time: 2ms
[08:26:57 PM] GET /jersapp/api/group/getGroups?userID=6a1d94663f2c12c6b94e1fd4 - Status: 304 - Time: 4ms
[08:27:00 PM] GET /jersapp/api/status/get?userID=undefined - Status: 304 - Time: 1ms
[08:27:01 PM] GET /jersapp/api/chats?user_id=6a1d94663f2c12c6b94e1fd4 - Status: 304 - Time: 8ms
[08:27:02 PM] GET /jersapp/api/group/getGroups?userID=6a1d94663f2c12c6b94e1fd4 - Status: 304 - Time: 8ms
[08:27:31 PM] GET /jersapp/api/auth/getUsers - Status: 304 - Time: 3ms
[08:27:33 PM] POST /jersapp/api/auth/getByIds - Status: 200 - Time: 7ms
[08:27:33 PM] POST /jersapp/api/auth/getByIds - Status: 200 - Time: 7ms
[08:27:33 PM] POST /jersapp/api/auth/getByIds - Status: 200 - Time: 7ms
[08:27:33 PM] POST /jersapp/api/auth/getByIds - Status: 200 - Time: 4ms
[08:27:35 PM] POST /jersapp/api/auth/getByIds - Status: 200 - Time: 5ms
[08:27:35 PM] POST /jersapp/api/auth/getByIds - Status: 200 - Time: 5ms
[08:27:35 PM] POST /jersapp/api/auth/getByIds - Status: 200 - Time: 4ms
[08:27:35 PM] POST /jersapp/api/auth/getByIds - Status: 200 - Time: 3ms
[08:27:35 PM] POST /jersapp/api/auth/getByIds - Status: 200 - Time: 2ms
[08:27:35 PM] POST /jersapp/api/auth/getByIds - Status: 200 - Time: 3ms
[08:27:36 PM] POST /jersapp/api/auth/getByIds - Status: 200 - Time: 8ms
[08:27:36 PM] POST /jersapp/api/auth/getByIds - Status: 200 - Time: 7ms
[08:27:36 PM] POST /jersapp/api/auth/getByIds - Status: 200 - Time: 8ms
[08:27:36 PM] POST /jersapp/api/auth/getByIds - Status: 200 - Time: 7ms
[08:27:36 PM] POST /jersapp/api/auth/getByIds - Status: 200 - Time: 10ms
[08:27:39 PM] POST /jersapp/api/auth/getByIds - Status: 200 - Time: 3ms
[08:27:52 PM] POST /jersapp/api/group/creategroup?userID=6a1d94663f2c12c6b94e1fd4 - Status: 200 - Time: 35ms
[08:27:52 PM] GET /jersapp/api/group/getGroups?userID=6a1d94663f2c12c6b94e1fd4 - Status: 200 - Time: 6ms
[08:27:59 PM] GET /jersapp/api/groupMsg?userID=6a1d94663f2c12c6b94e1fd4&groupID=6a1d9df0d8481dbde5808f61 - Status: 200 - Time: 7ms
[08:27:59 PM] GET /jersapp/api/member/getMembers?userID=6a1d94663f2c12c6b94e1fd4&groupID=6a1d9df0d8481dbde5808f61 - Status: 200 - Time: 10ms
[08:28:01 PM] GET /jersapp/api/group/getgroupbyid/6a1d9df0d8481dbde5808f61?userID=6a1d94663f2c12c6b94e1fd4 - Status: 200 - Time: 3ms
[08:28:12 PM] GET /jersapp/api/groupMsg?userID=6a1d94663f2c12c6b94e1fd4&groupID=6a1d9df0d8481dbde5808f61 - Status: 500 - Time: 11ms
[08:29:28 PM] GET /jersapp/api/group/getgroupbyid/6a1d9df0d8481dbde5808f61?userID=6a1d94663f2c12c6b94e1fd4 - Status: 200 - Time: 13ms
[08:29:28 PM] GET /jersapp/api/groupMsg?userID=6a1d94663f2c12c6b94e1fd4&groupID=6a1d9df0d8481dbde5808f61 - Status: 200 - Time: 30ms
[08:29:28 PM] GET /jersapp/api/member/getMembers?userID=6a1d94663f2c12c6b94e1fd4&groupID=6a1d9df0d8481dbde5808f61 - Status: 304 - Time: 21ms
[08:29:56 PM] GET /jersapp/api/groupMsg?userID=6a1d94663f2c12c6b94e1fd4&groupID=6a1d9df0d8481dbde5808f61 - Status: 200 - Time: 9ms
[08:35:14 PM] GET /jersapp/api/group/getgroupbyid/6a1d9df0d8481dbde5808f61?userID=6a1d94663f2c12c6b94e1fd4 - Status: 200 - Time: 9ms
[08:35:14 PM] GET /jersapp/api/groupMsg?userID=6a1d94663f2c12c6b94e1fd4&groupID=6a1d9df0d8481dbde5808f61 - Status: 200 - Time: 19ms
[08:35:17 PM] GET /jersapp/api/member/getMembers?userID=6a1d94663f2c12c6b94e1fd4&groupID=6a1d9df0d8481dbde5808f61 - Status: 304 - Time: 8ms
[08:35:34 PM] GET /jersapp/api/group/getgroupbyid/6a1d9df0d8481dbde5808f61?userID=6a1d94663f2c12c6b94e1fd4 - Status: 304 - Time: 5ms
[08:35:34 PM] GET /jersapp/api/groupMsg?userID=6a1d94663f2c12c6b94e1fd4&groupID=6a1d9df0d8481dbde5808f61 - Status: 304 - Time: 17ms
[08:35:36 PM] GET /jersapp/api/member/getMembers?userID=6a1d94663f2c12c6b94e1fd4&groupID=6a1d9df0d8481dbde5808f61 - Status: 304 - Time: 6ms
[08:35:41 PM] GET /jersapp/api/group/getgroupbyid/6a1d9df0d8481dbde5808f61?userID=6a1d94663f2c12c6b94e1fd4 - Status: 304 - Time: 6ms
[08:35:41 PM] GET /jersapp/api/member/getMembers?userID=6a1d94663f2c12c6b94e1fd4&groupID=6a1d9df0d8481dbde5808f61 - Status: 304 - Time: 10ms
[08:35:41 PM] GET /jersapp/api/groupMsg?userID=6a1d94663f2c12c6b94e1fd4&groupID=6a1d9df0d8481dbde5808f61 - Status: 304 - Time: 17ms
[08:39:05 PM] GET /jersapp/api/chats?user_id=6a1d94663f2c12c6b94e1fd4 - Status: 304 - Time: 9ms
[08:39:05 PM] GET /jersapp/api/chats?user_id=6a1d94663f2c12c6b94e1fd4 - Status: 304 - Time: 8ms
[08:39:05 PM] GET /jersapp/api/auth/get/6a1d94663f2c12c6b94e1fd4 - Status: 200 - Time: 3ms
[08:40:04 PM] GET /jersapp/api/group/getGroups?userID=6a1d94663f2c12c6b94e1fd4 - Status: 200 - Time: 9ms
[08:40:04 PM] GET /jersapp/api/group/getGroups?userID=6a1d94663f2c12c6b94e1fd4 - Status: 200 - Time: 7ms
[08:40:37 PM] GET /jersapp/api/auth/get/6a1d94663f2c12c6b94e1fd4 - Status: 304 - Time: 5ms
[08:40:37 PM] GET /jersapp/api/chats?user_id=6a1d94663f2c12c6b94e1fd4 - Status: 304 - Time: 12ms
[08:40:37 PM] GET /jersapp/api/chats?user_id=6a1d94663f2c12c6b94e1fd4 - Status: 304 - Time: 16ms
[08:40:47 PM] GET /jersapp/api/group/getGroups?userID=6a1d94663f2c12c6b94e1fd4 - Status: 304 - Time: 7ms
[08:40:47 PM] GET /jersapp/api/group/getGroups?userID=6a1d94663f2c12c6b94e1fd4 - Status: 304 - Time: 5ms
[08:40:48 PM] GET /jersapp/api/group/getgroupbyid/6a1d9df0d8481dbde5808f61?userID=6a1d94663f2c12c6b94e1fd4 - Status: 304 - Time: 4ms
[08:40:48 PM] GET /jersapp/api/groupMsg?userID=6a1d94663f2c12c6b94e1fd4&groupID=6a1d9df0d8481dbde5808f61 - Status: 304 - Time: 8ms
[08:40:50 PM] GET /jersapp/api/member/getMembers?userID=6a1d94663f2c12c6b94e1fd4&groupID=6a1d9df0d8481dbde5808f61 - Status: 304 - Time: 12ms
[08:40:52 PM] GET /jersapp/api/member/getMembers?userID=6a1d94663f2c12c6b94e1fd4&groupID=6a1d9df0d8481dbde5808f61 - Status: 304 - Time: 8ms
[08:41:09 PM] GET /jersapp/api/auth/getUsers - Status: 200 - Time: 3ms
[08:41:23 PM] GET /jersapp/api/member/getMembers?userID=6a1d94663f2c12c6b94e1fd4&groupID=6a1d9df0d8481dbde5808f61 - Status: 304 - Time: 9ms
[08:41:28 PM] GET /jersapp/api/auth/getUsers - Status: 304 - Time: 6ms
[08:41:44 PM] GET /jersapp/api/member/getMembers?userID=6a1d94663f2c12c6b94e1fd4&groupID=6a1d9df0d8481dbde5808f61 - Status: 304 - Time: 11ms
[08:41:47 PM] GET /jersapp/api/auth/getUsers - Status: 304 - Time: 8ms
[08:41:58 PM] GET /jersapp/api/group/getGroups?userID=6a1d94663f2c12c6b94e1fd4 - Status: 304 - Time: 12ms
[08:42:24 PM] POST /jersapp/api/addAndGetAllContacts?userID=6a1d94663f2c12c6b94e1fd4 - Status: 200 - Time: 6ms
[08:42:39 PM] GET /jersapp/api/status/get?userID=undefined - Status: 304 - Time: 6ms
[08:42:42 PM] GET /jersapp/api/group/getGroups?userID=6a1d94663f2c12c6b94e1fd4 - Status: 304 - Time: 14ms
[08:42:42 PM] GET /jersapp/api/groupMsg?userID=6a1d94663f2c12c6b94e1fd4&groupID=6a1d9df0d8481dbde5808f61 - Status: 304 - Time: 9ms
[08:42:42 PM] GET /jersapp/api/group/getgroupbyid/6a1d9df0d8481dbde5808f61?userID=6a1d94663f2c12c6b94e1fd4 - Status: 304 - Time: 2ms
[08:42:42 PM] GET /jersapp/api/member/getMembers?userID=6a1d94663f2c12c6b94e1fd4&groupID=6a1d9df0d8481dbde5808f61 - Status: 304 - Time: 5ms
[08:42:51 PM] POST /jersapp/api/groupMsg/deleteForMe - Status: 200 - Time: 16ms
[08:43:08 PM] GET /jersapp/api/groupMsg?userID=6a1d94663f2c12c6b94e1fd4&groupID=6a1d9df0d8481dbde5808f61 - Status: 200 - Time: 10ms
[08:43:09 PM] GET /jersapp/api/groupMsg?userID=6a1d94663f2c12c6b94e1fd4&groupID=6a1d9df0d8481dbde5808f61 - Status: 304 - Time: 12ms
[08:43:09 PM] GET /jersapp/api/groupMsg?userID=6a1d94663f2c12c6b94e1fd4&groupID=6a1d9df0d8481dbde5808f61 - Status: 304 - Time: 18ms
[08:43:09 PM] GET /jersapp/api/groupMsg?userID=6a1d94663f2c12c6b94e1fd4&groupID=6a1d9df0d8481dbde5808f61 - Status: 304 - Time: 18ms
[08:43:09 PM] GET /jersapp/api/groupMsg?userID=6a1d94663f2c12c6b94e1fd4&groupID=6a1d9df0d8481dbde5808f61 - Status: 304 - Time: 18ms
[08:43:11 PM] GET /jersapp/api/groupMsg?userID=6a1d94663f2c12c6b94e1fd4&groupID=6a1d9df0d8481dbde5808f61 - Status: 304 - Time: 11ms
[08:43:19 PM] GET /jersapp/api/group/getGroups?userID=6a1d94663f2c12c6b94e1fd4 - Status: 200 - Time: 11ms
[08:47:42 PM] GET /jersapp/api/status/get?userID=undefined - Status: 304 - Time: 2ms
[08:47:48 PM] POST /jersapp/api/status/add - Status: 200 - Time: 17ms
[08:47:50 PM] GET /jersapp/api/status/get?userID=undefined - Status: 304 - Time: 6ms
[08:47:51 PM] GET /jersapp/api/chats?user_id=6a1d94663f2c12c6b94e1fd4 - Status: 304 - Time: 14ms
[08:47:55 PM] GET /jersapp/api/status/get?userID=undefined - Status: 304 - Time: 6ms
[08:47:57 PM] GET /jersapp/api/auth/get/6a1d94663f2c12c6b94e1fd4 - Status: 304 - Time: 9ms
[08:47:58 PM] GET /jersapp/api/auth/get/6a1d94663f2c12c6b94e1fd4 - Status: 304 - Time: 9ms
[08:47:58 PM] GET /jersapp/api/auth/get/6a1d94663f2c12c6b94e1fd4 - Status: 304 - Time: 2ms
[08:48:21 PM] PUT /jersapp/api/auth/update/6a1d94663f2c12c6b94e1fd4 - Status: 200 - Time: 76ms
[08:48:23 PM] GET /jersapp/api/status/get?userID=undefined - Status: 304 - Time: 2ms
[08:48:26 PM] GET /jersapp/api/auth/get/6a1d94663f2c12c6b94e1fd4 - Status: 200 - Time: 9ms
[08:48:26 PM] GET /jersapp/api/auth/get/6a1d94663f2c12c6b94e1fd4 - Status: 200 - Time: 3ms
[08:48:27 PM] GET /jersapp/api/auth/get/6a1d94663f2c12c6b94e1fd4 - Status: 200 - Time: 4ms
[08:50:43 PM] GET /jersapp/api/status/get?userID=undefined - Status: 304 - Time: 7ms
[08:50:44 PM] GET /jersapp/api/auth/get/6a1d94663f2c12c6b94e1fd4 - Status: 304 - Time: 4ms
[08:50:46 PM] GET /jersapp/api/auth/get/6a1d94663f2c12c6b94e1fd4 - Status: 304 - Time: 7ms
[08:50:48 PM] GET /jersapp/api/auth/get/6a1d94663f2c12c6b94e1fd4 - Status: 304 - Time: 2ms
[08:50:53 PM] PUT /jersapp/api/auth/update/6a1d94663f2c12c6b94e1fd4 - Status: 200 - Time: 101ms
[08:50:55 PM] GET /jersapp/api/status/get?userID=undefined - Status: 304 - Time: 2ms
[08:50:57 PM] GET /jersapp/api/auth/get/6a1d94663f2c12c6b94e1fd4 - Status: 200 - Time: 5ms
[08:50:58 PM] GET /jersapp/api/auth/get/6a1d94663f2c12c6b94e1fd4 - Status: 304 - Time: 6ms
[08:50:58 PM] GET /jersapp/api/auth/get/6a1d94663f2c12c6b94e1fd4 - Status: 304 - Time: 3ms
[08:50:59 PM] GET /jersapp/uploads/profile/profile-391-1780327253790-890475837.jpg - Status: 200 - Time: 5ms
[08:51:00 PM] GET /jersapp/api/status/get?userID=undefined - Status: 304 - Time: 5ms
[08:51:04 PM] GET /jersapp/api/group/getGroups?userID=6a1d94663f2c12c6b94e1fd4 - Status: 304 - Time: 15ms
[08:51:17 PM] GET /jersapp/api/group/getgroupbyid/6a1d9df0d8481dbde5808f61?userID=6a1d94663f2c12c6b94e1fd4 - Status: 200 - Time: 4ms
[08:51:17 PM] GET /jersapp/api/groupMsg?userID=6a1d94663f2c12c6b94e1fd4&groupID=6a1d9df0d8481dbde5808f61 - Status: 200 - Time: 13ms
[08:51:19 PM] GET /jersapp/api/member/getMembers?userID=6a1d94663f2c12c6b94e1fd4&groupID=6a1d9df0d8481dbde5808f61 - Status: 200 - Time: 8ms
[08:52:22 PM] GET /jersapp/api/chats?user_id=6a1d94663f2c12c6b94e1fd4 - Status: 304 - Time: 12ms
[08:52:22 PM] GET /jersapp/api/chats?user_id=6a1d94663f2c12c6b94e1fd4 - Status: 304 - Time: 12ms
[08:52:22 PM] GET /jersapp/api/auth/get/6a1d94663f2c12c6b94e1fd4 - Status: 304 - Time: 4ms
[08:55:50 PM] GET /jersapp/api/group/getGroups?userID=6a1d94663f2c12c6b94e1fd4 - Status: 401 - Time: 1ms
[08:55:50 PM] GET /jersapp/api/group/getGroups?userID=6a1d94663f2c12c6b94e1fd4 - Status: 401 - Time: 1ms
[08:56:12 PM] GET /jersapp/api/chats?user_id=6a1d94663f2c12c6b94e1fd4 - Status: 304 - Time: 14ms
[08:56:12 PM] GET /jersapp/api/auth/get/6a1d94663f2c12c6b94e1fd4 - Status: 304 - Time: 3ms
[08:56:16 PM] GET /jersapp/api/status/get?userID=undefined - Status: 304 - Time: 6ms
[08:56:18 PM] GET /jersapp/api/group/getGroups?userID=6a1d94663f2c12c6b94e1fd4 - Status: 401 - Time: 4ms
[08:56:44 PM] GET /jersapp/api/chats?user_id=6a1d94663f2c12c6b94e1fd4 - Status: 304 - Time: 7ms
[08:58:17 PM] GET /jersapp/api/status/get?userID=undefined - Status: 304 - Time: 5ms
[08:58:35 PM] POST /jersapp/api/status/add - Status: 200 - Time: 21ms
[08:58:37 PM] GET /jersapp/api/status/get?userID=undefined - Status: 304 - Time: 2ms
[08:58:58 PM] GET /jersapp/api/group/getGroups?userID=6a1d94663f2c12c6b94e1fd4 - Status: 304 - Time: 10ms
[08:59:00 PM] GET /jersapp/api/member/getMembers?userID=6a1d94663f2c12c6b94e1fd4&groupID=6a1d9df0d8481dbde5808f61 - Status: 401 - Time: 2ms
[08:59:02 PM] GET /jersapp/api/group/getgroupbyid/6a1d9df0d8481dbde5808f61?userID=6a1d94663f2c12c6b94e1fd4 - Status: 304 - Time: 12ms
[09:00:10 PM] GET /jersapp/api/group/getGroups?userID=6a1d94663f2c12c6b94e1fd4 - Status: 304 - Time: 10ms
[09:00:11 PM] GET /jersapp/api/status/get?userID=6a1d94663f2c12c6b94e1fd4 - Status: 200 - Time: 4ms
[09:00:14 PM] GET /jersapp/uploads/status/status-420-1780327715455-237655651.jpg - Status: 200 - Time: 3ms
[09:00:17 PM] GET /jersapp/api/status/get/6a1da29ca40d650a5692a531 - Status: 200 - Time: 4ms
[09:00:27 PM] GET /jersapp/api/status/get?userID=6a1d94663f2c12c6b94e1fd4 - Status: 304 - Time: 11ms
[09:00:29 PM] GET /jersapp/api/status/get/6a1da29ca40d650a5692a531 - Status: 304 - Time: 6ms
[09:00:35 PM] GET /jersapp/api/status/get?userID=6a1d94663f2c12c6b94e1fd4 - Status: 304 - Time: 8ms
[09:00:36 PM] GET /jersapp/api/status/get/6a1da29ca40d650a5692a531 - Status: 304 - Time: 3ms
[09:00:38 PM] GET /jersapp/api/status/get?userID=6a1d94663f2c12c6b94e1fd4 - Status: 304 - Time: 10ms
[09:01:07 PM] GET /jersapp/api/group/getGroups?userID=6a1d94663f2c12c6b94e1fd4 - Status: 304 - Time: 8ms
[09:01:08 PM] GET /jersapp/api/group/getgroupbyid/6a1d9df0d8481dbde5808f61?userID=6a1d94663f2c12c6b94e1fd4 - Status: 304 - Time: 13ms
[09:01:10 PM] GET /jersapp/api/member/getMembers?userID=6a1d94663f2c12c6b94e1fd4&groupID=6a1d9df0d8481dbde5808f61 - Status: 304 - Time: 17ms
[09:01:15 PM] GET /jersapp/api/groupMsg?userID=6a1d94663f2c12c6b94e1fd4&groupID=6a1d9df0d8481dbde5808f61 - Status: 401 - Time: 0ms
[09:01:18 PM] GET /jersapp/api/member/getMembers?userID=6a1d94663f2c12c6b94e1fd4&groupID=6a1d9df0d8481dbde5808f61 - Status: 304 - Time: 17ms
[09:01:28 PM] PUT /jersapp/api/group/updategroup/6a1d9df0d8481dbde5808f61?userID=6a1d94663f2c12c6b94e1fd4 - Status: 200 - Time: 13ms
[09:01:54 PM] PUT /jersapp/api/group/updategroup/6a1d9df0d8481dbde5808f61?userID=6a1d94663f2c12c6b94e1fd4 - Status: 200 - Time: 12ms
[09:01:56 PM] GET /jersapp/uploads/group/group-402-1780327914010-828191504.jpg - Status: 200 - Time: 9ms
[09:02:02 PM] GET /jersapp/api/group/getGroups?userID=6a1d94663f2c12c6b94e1fd4 - Status: 200 - Time: 5ms
[09:02:04 PM] GET /jersapp/api/member/getMembers?userID=6a1d94663f2c12c6b94e1fd4&groupID=6a1d9df0d8481dbde5808f61 - Status: 304 - Time: 18ms
[09:02:04 PM] GET /jersapp/api/group/getgroupbyid/6a1d9df0d8481dbde5808f61?userID=6a1d94663f2c12c6b94e1fd4 - Status: 200 - Time: 9ms
[09:02:07 PM] GET /jersapp/api/group/getGroups?userID=6a1d94663f2c12c6b94e1fd4 - Status: 304 - Time: 14ms
[09:06:27 PM] GET /jersapp/api/status/get?userID=6a1d94663f2c12c6b94e1fd4 - Status: 304 - Time: 5ms
[09:07:03 PM] GET /jersapp/api/status/get/6a1da29ca40d650a5692a531 - Status: 304 - Time: 10ms
[09:07:07 PM] GET /jersapp/api/status/get?userID=6a1d94663f2c12c6b94e1fd4 - Status: 304 - Time: 11ms
[09:08:01 PM] GET /jersapp/api/auth/get/6a1d94663f2c12c6b94e1fd4 - Status: 304 - Time: 6ms
[09:08:01 PM] GET /jersapp/api/chats?user_id=6a1d94663f2c12c6b94e1fd4 - Status: 304 - Time: 22ms
[09:08:24 PM] GET /jersapp/api/chats?user_id=6a1d94663f2c12c6b94e1fd4 - Status: 304 - Time: 15ms
[09:08:24 PM] GET /jersapp/api/auth/get/6a1d94663f2c12c6b94e1fd4 - Status: 304 - Time: 3ms
[09:08:26 PM] GET /jersapp/api/status/get?userID=6a1d94663f2c12c6b94e1fd4 - Status: 200 - Time: 13ms
[09:08:34 PM] DELETE /jersapp/api/status/delete/6a1da29ca40d650a5692a531?public_id=status%2Fstatus-image-1780327068169-913672022.jpg - Status: 200 - Time: 14ms
[09:08:42 PM] GET /jersapp/api/status/get?userID=6a1d94663f2c12c6b94e1fd4 - Status: 200 - Time: 12ms
[09:08:45 PM] GET /jersapp/api/status/get/6a1da29ca40d650a5692a531 - Status: 200 - Time: 4ms
[09:08:48 PM] GET /jersapp/api/status/get?userID=6a1d94663f2c12c6b94e1fd4 - Status: 304 - Time: 7ms
[09:08:51 PM] GET /jersapp/api/status/get/6a1da29ca40d650a5692a531 - Status: 304 - Time: 7ms
[09:08:52 PM] GET /jersapp/api/status/get?userID=6a1d94663f2c12c6b94e1fd4 - Status: 304 - Time: 11ms
[09:08:54 PM] GET /jersapp/api/status/get/6a1da29ca40d650a5692a531 - Status: 304 - Time: 2ms
[09:08:55 PM] GET /jersapp/api/status/get?userID=6a1d94663f2c12c6b94e1fd4 - Status: 304 - Time: 8ms
[09:08:56 PM] GET /jersapp/api/status/get/6a1da29ca40d650a5692a531 - Status: 304 - Time: 3ms
[09:08:57 PM] GET /jersapp/api/status/get?userID=6a1d94663f2c12c6b94e1fd4 - Status: 304 - Time: 9ms
[09:09:05 PM] GET /jersapp/api/status/get/6a1da29ca40d650a5692a531 - Status: 304 - Time: 5ms
[09:09:06 PM] GET /jersapp/api/status/get?userID=6a1d94663f2c12c6b94e1fd4 - Status: 304 - Time: 11ms
[09:09:07 PM] GET /jersapp/api/status/get?userID=6a1d94663f2c12c6b94e1fd4 - Status: 304 - Time: 10ms
[09:09:10 PM] GET /jersapp/api/status/get?userID=6a1d94663f2c12c6b94e1fd4 - Status: 304 - Time: 8ms
[09:09:13 PM] GET /jersapp/api/status/get/6a1da29ca40d650a5692a531 - Status: 304 - Time: 7ms
[09:09:15 PM] GET /jersapp/api/status/get?userID=6a1d94663f2c12c6b94e1fd4 - Status: 304 - Time: 8ms
[09:09:17 PM] GET /jersapp/api/status/get?userID=6a1d94663f2c12c6b94e1fd4 - Status: 304 - Time: 13ms
[09:12:49 PM] GET /jersapp/api/status/get?userID=6a1d94663f2c12c6b94e1fd4 - Status: 304 - Time: 8ms
[09:13:04 PM] GET /jersapp/api/chats?user_id=6a1d94663f2c12c6b94e1fd4 - Status: 304 - Time: 19ms
[09:13:26 PM] GET /jersapp/api/auth/get/6a1d94663f2c12c6b94e1fd4 - Status: 304 - Time: 6ms
[09:13:26 PM] GET /jersapp/api/chats?user_id=6a1d94663f2c12c6b94e1fd4 - Status: 304 - Time: 18ms
[09:16:57 PM] GET /jersapp/api/auth/get/6a1d94663f2c12c6b94e1fd4 - Status: 304 - Time: 12ms
[09:16:57 PM] GET /jersapp/api/chats?user_id=6a1d94663f2c12c6b94e1fd4 - Status: 304 - Time: 30ms
[09:19:58 PM] GET /jersapp/api/status/get?userID=6a1d94663f2c12c6b94e1fd4 - Status: 304 - Time: 20ms
[09:20:06 PM] GET /jersapp/api/status/get/6a1da29ca40d650a5692a531 - Status: 304 - Time: 5ms
[09:20:13 PM] GET /jersapp/api/status/get/6a1da29ca40d650a5692a531 - Status: 304 - Time: 4ms
[09:20:14 PM] GET /jersapp/api/status/get?userID=6a1d94663f2c12c6b94e1fd4 - Status: 304 - Time: 15ms
[09:20:19 PM] GET /jersapp/api/status/get?userID=6a1d94663f2c12c6b94e1fd4 - Status: 304 - Time: 22ms
[09:20:25 PM] POST /jersapp/api/status/add - Status: 200 - Time: 11ms
[09:20:26 PM] GET /jersapp/api/status/get?userID=6a1d94663f2c12c6b94e1fd4 - Status: 200 - Time: 17ms
[09:38:59 PM] POST /jersapp/api/status/add - Status: 200 - Time: 25ms
[09:39:00 PM] GET /jersapp/api/status/get?userID=6a1d94663f2c12c6b94e1fd4 - Status: 200 - Time: 9ms
[09:39:02 PM] GET /jersapp/uploads/status/status-391-1780330139671-213107292.jpg - Status: 200 - Time: 13ms
[09:39:10 PM] GET /jersapp/api/status/get?userID=6a1d94663f2c12c6b94e1fd4 - Status: 304 - Time: 7ms
[09:39:11 PM] GET /jersapp/api/status/get/6a1da29ca40d650a5692a531 - Status: 200 - Time: 7ms
[09:39:21 PM] GET /jersapp/api/status/get?userID=6a1d94663f2c12c6b94e1fd4 - Status: 304 - Time: 12ms
[09:40:19 PM] GET /jersapp/api/status/get?userID=6a1d94663f2c12c6b94e1fd4 - Status: 304 - Time: 10ms
[09:41:38 PM] GET /jersapp/api/group/getGroups?userID=6a1d94663f2c12c6b94e1fd4 - Status: 304 - Time: 10ms
[09:41:40 PM] GET /jersapp/api/group/getgroupbyid/6a1d9df0d8481dbde5808f61?userID=6a1d94663f2c12c6b94e1fd4 - Status: 304 - Time: 8ms
[09:41:40 PM] GET /jersapp/api/member/getMembers?userID=6a1d94663f2c12c6b94e1fd4&groupID=6a1d9df0d8481dbde5808f61 - Status: 304 - Time: 15ms
[09:41:43 PM] GET /jersapp/api/groupMsg?userID=6a1d94663f2c12c6b94e1fd4&groupID=6a1d9df0d8481dbde5808f61 - Status: 401 - Time: 1ms
[09:42:10 PM] GET /jersapp/api/group/getGroups?userID=6a1d94663f2c12c6b94e1fd4 - Status: 200 - Time: 20ms
[09:42:12 PM] GET /jersapp/api/status/get?userID=6a1d94663f2c12c6b94e1fd4 - Status: 304 - Time: 7ms
[09:42:15 PM] GET /jersapp/api/status/get/6a1da29ca40d650a5692a531 - Status: 304 - Time: 4ms
[09:42:21 PM] GET /jersapp/api/status/get?userID=6a1d94663f2c12c6b94e1fd4 - Status: 304 - Time: 14ms
[09:46:28 PM] GET /jersapp/api/group/getGroups?userID=6a1d94663f2c12c6b94e1fd4 - Status: 304 - Time: 10ms
[09:46:30 PM] GET /jersapp/api/groupMsg?userID=6a1d94663f2c12c6b94e1fd4&groupID=6a1d9df0d8481dbde5808f61 - Status: 200 - Time: 20ms
[09:46:30 PM] GET /jersapp/api/member/getMembers?userID=6a1d94663f2c12c6b94e1fd4&groupID=6a1d9df0d8481dbde5808f61 - Status: 304 - Time: 9ms
[09:46:32 PM] GET /jersapp/api/group/getgroupbyid/6a1d9df0d8481dbde5808f61?userID=6a1d94663f2c12c6b94e1fd4 - Status: 200 - Time: 2ms
[09:46:58 PM] POST /jersapp/api/message/upload - Status: 401 - Time: 1ms
[09:47:07 PM] POST /jersapp/api/message/upload - Status: 401 - Time: 1ms
[09:50:27 PM] GET /jersapp/api/member/getMembers?userID=6a1d94663f2c12c6b94e1fd4&groupID=6a1d9df0d8481dbde5808f61 - Status: 304 - Time: 13ms
[09:50:27 PM] GET /jersapp/api/groupMsg?userID=6a1d94663f2c12c6b94e1fd4&groupID=6a1d9df0d8481dbde5808f61 - Status: 304 - Time: 13ms
[09:50:29 PM] GET /jersapp/api/group/getgroupbyid/6a1d9df0d8481dbde5808f61?userID=6a1d94663f2c12c6b94e1fd4 - Status: 304 - Time: 11ms
[09:52:24 PM] GET /jersapp/api/group/getGroups?userID=6a1d94663f2c12c6b94e1fd4 - Status: 304 - Time: 7ms
[09:54:28 PM] POST /jersapp/api/addAndGetAllContacts?userID=6a1d94663f2c12c6b94e1fd4 - Status: 200 - Time: 10ms
[09:54:31 PM] GET /jersapp/api/chats?user_id=6a1d94663f2c12c6b94e1fd4 - Status: 304 - Time: 16ms
[09:54:33 PM] GET /jersapp/api/chat/?senderID=6a1d94663f2c12c6b94e1fd4&receiverID=6a1aadf8644f499788c8ab9d - Status: 200 - Time: 3ms
[09:54:33 PM] POST /jersapp/api/chat - Status: 200 - Time: 9ms
[09:54:39 PM] GET /jersapp/api/chats?user_id=6a1d94663f2c12c6b94e1fd4 - Status: 200 - Time: 19ms
[09:54:45 PM] GET /jersapp/api/group/getGroups?userID=6a1d94663f2c12c6b94e1fd4 - Status: 304 - Time: 3ms
[09:54:49 PM] GET /jersapp/api/group/getgroupbyid/6a1d9df0d8481dbde5808f61?userID=6a1d94663f2c12c6b94e1fd4 - Status: 304 - Time: 6ms
[09:54:49 PM] GET /jersapp/api/member/getMembers?userID=6a1d94663f2c12c6b94e1fd4&groupID=6a1d9df0d8481dbde5808f61 - Status: 200 - Time: 6ms
[09:54:51 PM] GET /jersapp/api/groupMsg?userID=6a1d94663f2c12c6b94e1fd4&groupID=6a1d9df0d8481dbde5808f61 - Status: 304 - Time: 33ms
[09:54:54 PM] POST /jersapp/api/message/upload - Status: 200 - Time: 9ms
[09:55:05 PM] POST /jersapp/api/message/upload - Status: 200 - Time: 6ms
[09:55:44 PM] GET /jersapp/api/group/getGroups?userID=6a1d94663f2c12c6b94e1fd4 - Status: 200 - Time: 9ms
[09:58:48 PM] GET /jersapp/api/chats?user_id=6a1d94663f2c12c6b94e1fd4 - Status: 304 - Time: 19ms
[09:58:48 PM] GET /jersapp/api/chats?user_id=6a1d94663f2c12c6b94e1fd4 - Status: 304 - Time: 12ms
[09:58:48 PM] GET /jersapp/api/auth/get/6a1d94663f2c12c6b94e1fd4 - Status: 200 - Time: 8ms
[10:06:46 PM] GET /jersapp/api/group/getGroups?userID=6a1d94663f2c12c6b94e1fd4 - Status: 200 - Time: 9ms
[10:08:32 PM] GET /jersapp/api/chats?user_id=6a1d94663f2c12c6b94e1fd4 - Status: 304 - Time: 19ms
[10:08:32 PM] GET /jersapp/api/chats?user_id=6a1d94663f2c12c6b94e1fd4 - Status: 304 - Time: 17ms
[10:08:34 PM] GET /jersapp/api/auth/get/6a1d94663f2c12c6b94e1fd4 - Status: 304 - Time: 3ms
[10:12:16 PM] GET /jersapp/api/chats?user_id=6a1d94663f2c12c6b94e1fd4 - Status: 304 - Time: 22ms
[10:12:16 PM] GET /jersapp/api/chats?user_id=6a1d94663f2c12c6b94e1fd4 - Status: 304 - Time: 17ms
[10:12:16 PM] GET /jersapp/api/auth/get/6a1d94663f2c12c6b94e1fd4 - Status: 304 - Time: 6ms
[10:12:48 PM] GET /jersapp/api/group/getGroups?userID=6a1d94663f2c12c6b94e1fd4 - Status: 304 - Time: 17ms
[10:13:12 PM] GET /jersapp/api/auth/get/6a1d94663f2c12c6b94e1fd4 - Status: 304 - Time: 5ms
[10:13:12 PM] GET /jersapp/api/chats?user_id=6a1d94663f2c12c6b94e1fd4 - Status: 304 - Time: 19ms
[10:13:12 PM] GET /jersapp/api/chats?user_id=6a1d94663f2c12c6b94e1fd4 - Status: 304 - Time: 16ms
[10:15:05 PM] GET /jersapp/api/auth/get/6a1d94663f2c12c6b94e1fd4 - Status: 304 - Time: 6ms
[10:15:05 PM] GET /jersapp/api/chats?user_id=6a1d94663f2c12c6b94e1fd4 - Status: 304 - Time: 13ms
[10:15:05 PM] GET /jersapp/api/chats?user_id=6a1d94663f2c12c6b94e1fd4 - Status: 304 - Time: 10ms
[10:23:28 PM] GET /jersapp/api/group/getGroups?userID=6a1d94663f2c12c6b94e1fd4 - Status: 304 - Time: 7ms
[10:23:30 PM] GET /jersapp/api/group/getgroupbyid/6a1d9df0d8481dbde5808f61?userID=6a1d94663f2c12c6b94e1fd4 - Status: 200 - Time: 10ms
[10:23:31 PM] GET /jersapp/api/member/getMembers?userID=6a1d94663f2c12c6b94e1fd4&groupID=6a1d9df0d8481dbde5808f61 - Status: 304 - Time: 5ms
[10:23:33 PM] GET /jersapp/api/groupMsg?userID=6a1d94663f2c12c6b94e1fd4&groupID=6a1d9df0d8481dbde5808f61 - Status: 200 - Time: 28ms
[10:23:33 PM] GET /jersapp/uploads/messages/messages-voicenote1780331093515-1780331094071-488258177.mp4 - Status: 200 - Time: 2ms
[10:23:33 PM] GET /jersapp/uploads/messages/messages-20260531184633-1780331105054-727659218.jpg - Status: 200 - Time: 5ms
[10:23:33 PM] GET /jersapp/uploads/messages/messages-voicenote1780331093515-1780331094071-488258177.mp4 - Status: 200 - Time: 2ms
[10:23:34 PM] GET /jersapp/uploads/messages/messages-voicenote1780331093515-1780331094071-488258177.mp4 - Status: 200 - Time: 1ms
[10:26:43 PM] GET /jersapp/uploads/messages/messages-voicenote1780331093515-1780331094071-488258177.mp4 - Status: 200 - Time: 4ms
[10:26:43 PM] GET /jersapp/uploads/messages/messages-voicenote1780331093515-1780331094071-488258177.mp4 - Status: 200 - Time: 2ms
[10:26:44 PM] GET /jersapp/uploads/messages/messages-voicenote1780331093515-1780331094071-488258177.mp4 - Status: 200 - Time: 2ms
[10:26:46 PM] GET /jersapp/api/group/getGroups?userID=6a1d94663f2c12c6b94e1fd4 - Status: 304 - Time: 12ms
[10:26:48 PM] GET /jersapp/api/chats?user_id=6a1d94663f2c12c6b94e1fd4 - Status: 304 - Time: 8ms
[10:26:52 PM] GET /jersapp/api/chats?user_id=6a1d94663f2c12c6b94e1fd4 - Status: 200 - Time: 11ms
[10:26:52 PM] GET /jersapp/api/chat/?senderID=6a1d94663f2c12c6b94e1fd4&receiverID=6a1aadf8644f499788c8ab9d - Status: 200 - Time: 3ms
[10:26:52 PM] GET /jersapp/api/message?chatID=6a1db241a7d93172d9fd2987 - Status: 200 - Time: 4ms
[10:27:00 PM] GET /jersapp/api/chats?user_id=6a1d94663f2c12c6b94e1fd4 - Status: 304 - Time: 15ms
[10:27:03 PM] GET /jersapp/api/group/getGroups?userID=6a1d94663f2c12c6b94e1fd4 - Status: 304 - Time: 17ms
[10:27:04 PM] GET /jersapp/uploads/messages/messages-voicenote1780331093515-1780331094071-488258177.mp4 - Status: 200 - Time: 0ms
[10:27:05 PM] GET /jersapp/api/groupMsg?userID=6a1d94663f2c12c6b94e1fd4&groupID=6a1d9df0d8481dbde5808f61 - Status: 304 - Time: 21ms
[10:27:05 PM] GET /jersapp/uploads/messages/messages-voicenote1780331093515-1780331094071-488258177.mp4 - Status: 200 - Time: 1ms
[10:27:05 PM] GET /jersapp/uploads/messages/messages-voicenote1780331093515-1780331094071-488258177.mp4 - Status: 200 - Time: 1ms
[10:27:06 PM] GET /jersapp/uploads/messages/messages-voicenote1780331093515-1780331094071-488258177.mp4 - Status: 200 - Time: 0ms
[10:27:07 PM] GET /jersapp/api/group/getgroupbyid/6a1d9df0d8481dbde5808f61?userID=6a1d94663f2c12c6b94e1fd4 - Status: 304 - Time: 7ms
[10:27:07 PM] GET /jersapp/api/member/getMembers?userID=6a1d94663f2c12c6b94e1fd4&groupID=6a1d9df0d8481dbde5808f61 - Status: 304 - Time: 6ms
[10:27:07 PM] GET /jersapp/uploads/messages/messages-voicenote1780331093515-1780331094071-488258177.mp4 - Status: 200 - Time: 1ms
[10:27:07 PM] GET /jersapp/uploads/messages/messages-voicenote1780331093515-1780331094071-488258177.mp4 - Status: 200 - Time: 3ms
[10:27:07 PM] GET /jersapp/uploads/messages/messages-voicenote1780331093515-1780331094071-488258177.mp4 - Status: 200 - Time: 2ms
[10:27:08 PM] GET /jersapp/uploads/messages/messages-voicenote1780331093515-1780331094071-488258177.mp4 - Status: 200 - Time: 4ms
[10:27:08 PM] GET /jersapp/uploads/messages/messages-voicenote1780331093515-1780331094071-488258177.mp4 - Status: 200 - Time: 2ms
[10:27:09 PM] GET /jersapp/uploads/messages/messages-voicenote1780331093515-1780331094071-488258177.mp4 - Status: 200 - Time: 4ms
[10:27:09 PM] GET /jersapp/uploads/messages/messages-voicenote1780331093515-1780331094071-488258177.mp4 - Status: 200 - Time: 1ms
[10:27:10 PM] GET /jersapp/uploads/messages/messages-voicenote1780331093515-1780331094071-488258177.mp4 - Status: 200 - Time: 2ms
[10:27:10 PM] GET /jersapp/uploads/messages/messages-voicenote1780331093515-1780331094071-488258177.mp4 - Status: 200 - Time: 1ms
[10:27:10 PM] GET /jersapp/uploads/messages/messages-voicenote1780331093515-1780331094071-488258177.mp4 - Status: 200 - Time: 4ms
[10:27:10 PM] GET /jersapp/uploads/messages/messages-voicenote1780331093515-1780331094071-488258177.mp4 - Status: 200 - Time: 1ms
[10:27:11 PM] GET /jersapp/uploads/messages/messages-voicenote1780331093515-1780331094071-488258177.mp4 - Status: 200 - Time: 1ms
[10:27:11 PM] GET /jersapp/uploads/messages/messages-voicenote1780331093515-1780331094071-488258177.mp4 - Status: 200 - Time: 1ms
[10:27:12 PM] GET /jersapp/uploads/messages/messages-voicenote1780331093515-1780331094071-488258177.mp4 - Status: 200 - Time: 2ms
[10:27:12 PM] GET /jersapp/uploads/messages/messages-voicenote1780331093515-1780331094071-488258177.mp4 - Status: 200 - Time: 3ms
[10:27:13 PM] GET /jersapp/uploads/messages/messages-voicenote1780331093515-1780331094071-488258177.mp4 - Status: 200 - Time: 1ms
[10:27:13 PM] GET /jersapp/uploads/messages/messages-voicenote1780331093515-1780331094071-488258177.mp4 - Status: 200 - Time: 4ms
[10:27:13 PM] GET /jersapp/api/group/getGroups?userID=6a1d94663f2c12c6b94e1fd4 - Status: 304 - Time: 16ms
[10:27:14 PM] GET /jersapp/api/chats?user_id=6a1d94663f2c12c6b94e1fd4 - Status: 304 - Time: 12ms
[10:27:15 PM] GET /jersapp/api/chat/?senderID=6a1d94663f2c12c6b94e1fd4&receiverID=6a1aadf8644f499788c8ab9d - Status: 304 - Time: 5ms
[10:27:15 PM] GET /jersapp/api/chats?user_id=6a1d94663f2c12c6b94e1fd4 - Status: 304 - Time: 13ms
[10:27:16 PM] GET /jersapp/api/message?chatID=6a1db241a7d93172d9fd2987 - Status: 304 - Time: 7ms
[10:27:26 PM] POST /jersapp/api/message/upload - Status: 200 - Time: 8ms
[10:27:27 PM] GET /jersapp/uploads/messages/messages-voicenote1780333046033-1780333046786-934181454.mp4 - Status: 200 - Time: 1ms
[10:27:27 PM] GET /jersapp/uploads/messages/messages-voicenote1780333046033-1780333046786-934181454.mp4 - Status: 200 - Time: 1ms
[10:27:43 PM] GET /jersapp/uploads/messages/messages-voicenote1780333046033-1780333046786-934181454.mp4 - Status: 200 - Time: 2ms
[10:27:45 PM] GET /jersapp/uploads/messages/messages-voicenote1780333046033-1780333046786-934181454.mp4 - Status: 200 - Time: 1ms
[10:27:45 PM] POST /jersapp/api/message/upload - Status: 500 - Time: 3ms
[10:27:46 PM] GET /jersapp/api/chats?user_id=6a1d94663f2c12c6b94e1fd4 - Status: 200 - Time: 11ms
[10:27:46 PM] GET /jersapp/api/chats?user_id=6a1d94663f2c12c6b94e1fd4 - Status: 200 - Time: 7ms
[10:27:48 PM] GET /jersapp/api/chat/?senderID=6a1d94663f2c12c6b94e1fd4&receiverID=6a1aadf8644f499788c8ab9d - Status: 304 - Time: 6ms
[10:27:48 PM] GET /jersapp/api/message?chatID=6a1db241a7d93172d9fd2987 - Status: 200 - Time: 8ms
[10:27:48 PM] GET /jersapp/uploads/messages/messages-voicenote1780333046033-1780333046786-934181454.mp4 - Status: 200 - Time: 2ms
[10:27:48 PM] GET /jersapp/uploads/messages/messages-voicenote1780333046033-1780333046786-934181454.mp4 - Status: 200 - Time: 3ms
[10:27:49 PM] GET /jersapp/uploads/messages/messages-voicenote1780333046033-1780333046786-934181454.mp4 - Status: 200 - Time: 2ms
[10:27:51 PM] GET /jersapp/api/chats?user_id=6a1d94663f2c12c6b94e1fd4 - Status: 304 - Time: 14ms
[10:27:52 PM] GET /jersapp/uploads/messages/messages-voicenote1780333046033-1780333046786-934181454.mp4 - Status: 200 - Time: 1ms
[10:27:52 PM] GET /jersapp/uploads/messages/messages-voicenote1780333046033-1780333046786-934181454.mp4 - Status: 200 - Time: 2ms
[10:27:53 PM] GET /jersapp/api/group/getGroups?userID=6a1d94663f2c12c6b94e1fd4 - Status: 304 - Time: 14ms
[10:27:54 PM] POST /jersapp/api/addAndGetAllContacts?userID=6a1d94663f2c12c6b94e1fd4 - Status: 200 - Time: 7ms
[10:27:57 PM] GET /jersapp/api/status/get?userID=6a1d94663f2c12c6b94e1fd4 - Status: 304 - Time: 10ms
[10:28:02 PM] POST /jersapp/api/status/add - Status: 200 - Time: 14ms
[10:28:04 PM] GET /jersapp/api/status/get?userID=6a1d94663f2c12c6b94e1fd4 - Status: 200 - Time: 5ms
[10:28:07 PM] GET /jersapp/api/status/get/6a1da29ca40d650a5692a531 - Status: 200 - Time: 11ms
[10:28:15 PM] GET /jersapp/api/status/get?userID=6a1d94663f2c12c6b94e1fd4 - Status: 304 - Time: 4ms
[10:28:17 PM] GET /jersapp/api/chats?user_id=6a1d94663f2c12c6b94e1fd4 - Status: 304 - Time: 15ms
[10:28:21 PM] GET /jersapp/api/status/get?userID=6a1d94663f2c12c6b94e1fd4 - Status: 304 - Time: 4ms
[10:34:18 PM] GET /jersapp/api/status/get/6a1da29ca40d650a5692a531 - Status: 200 - Time: 7ms
[10:34:24 PM] GET /jersapp/api/status/get?userID=6a1d94663f2c12c6b94e1fd4 - Status: 200 - Time: 13ms
[10:34:30 PM] GET /jersapp/api/chats?user_id=6a1d94663f2c12c6b94e1fd4 - Status: 304 - Time: 13ms
